Using pre-set license
Built from '2020.2/staging' branch; Version is '2020.2.7f1 (c53830e277f1) revision 12924976'; Using compiler version '192528614'; Build Type 'Release'
OS: 'Windows 10 Pro; OS build 19042.1586; Version 2009; 64bit' Language: 'en' Physical Memory: 8071 MB
BatchMode: 1, IsHumanControllingUs: 0, StartBugReporterOnCrash: 0, Is64bit: 1, IsPro: 0

 COMMAND LINE ARGUMENTS:
C:\Program Files\Unity\Editor\Unity.exe
-adb2
-batchMode
-noUpm
-name
AssetImportWorker0
-projectPath
I:/working Aysel/Projects/Best throw/Best-throw/Best throw Main project
-logFile
Logs/AssetImportWorker0.log
-srvPort
59077
Successfully changed project path to: I:/working Aysel/Projects/Best throw/Best-throw/Best throw Main project
I:/working Aysel/Projects/Best throw/Best-throw/Best throw Main project
Using Asset Import Pipeline V2.
Refreshing native plugins compatible for Editor in 87.76 ms, found 0 plugins.
Preloading 0 native plugins for Editor in 0.00 ms.
Initialize engine version: 2020.2.7f1 (c53830e277f1)
[Subsystems] Discovering subsystems at path C:/Program Files/Unity/Editor/Data/Resources/UnitySubsystems
[Subsystems] Discovering subsystems at path I:/working Aysel/Projects/Best throw/Best-throw/Best throw Main project/Assets
GfxDevice: creating device client; threaded=0
Direct3D:
    Version:  Direct3D 11.0 [level 11.0]
    Renderer: NVIDIA GeForce 920MX (ID=0x134f)
    Vendor:   
    VRAM:     2010 MB
    Driver:   27.21.14.5167
Initialize mono
Mono path[0] = 'C:/Program Files/Unity/Editor/Data/Managed'
Mono path[1] = 'C:/Program Files/Unity/Editor/Data/MonoBleedingEdge/lib/mono/unityjit'
Mono config path = 'C:/Program Files/Unity/Editor/Data/MonoBleedingEdge/etc'
Using monoOptions --debugger-agent=transport=dt_socket,embedding=1,server=y,suspend=n,address=127.0.0.1:56060
Begin MonoManager ReloadAssembly
Registering precompiled unity dll's ...
Register platform support module: C:/Program Files/Unity/Editor/Data/PlaybackEngines/WindowsStandaloneSupport/UnityEditor.WindowsStandalone.Extensions.dll
Registered in 0.001734 seconds.
Native extension for WindowsStandalone target not found
Refreshing native plugins compatible for Editor in 52.14 ms, found 0 plugins.
Preloading 0 native plugins for Editor in 0.00 ms.
Invoked RoslynAnalysisRunner static constructor.
RoslynAnalysisRunner will not be running.
RoslynAnalysisRunner has terminated.
Mono: successfully reloaded assembly
- Completed reload, in  1.698 seconds
Platform modules already initialized, skipping
Registering precompiled user dll's ...
Registered in 0.008041 seconds.
Begin MonoManager ReloadAssembly
Native extension for WindowsStandalone target not found
Refreshing native plugins compatible for Editor in 1.35 ms, found 0 plugins.
Preloading 0 native plugins for Editor in 0.00 ms.
Invoked RoslynAnalysisRunner static constructor.
RoslynAnalysisRunner will not be running.
RoslynAnalysisRunner has terminated.
Mono: successfully reloaded assembly
- Completed reload, in  1.749 seconds
Platform modules already initialized, skipping
========================================================================
Worker process is ready to serve import requests
Launched and connected shader compiler UnityShaderCompiler.exe after 0.07 seconds
Refreshing native plugins compatible for Editor in 1.10 ms, found 0 plugins.
Preloading 0 native plugins for Editor in 0.00 ms.
Unloading 1186 Unused Serialized files (Serialized files now loaded: 0)
System memory in use before: 57.2 MB.
System memory in use after: 57.2 MB.

Unloading 92 unused Assets to reduce memory usage. Loaded Objects now: 1568.
Total: 4.535600 ms (FindLiveObjects: 0.390000 ms CreateObjectMapping: 0.466500 ms MarkObjects: 3.560200 ms  DeleteObjects: 0.116300 ms)

========================================================================
Received Import Request.
  path: Assets/Shapes/UI/other games btn2.png
  artifactKey: Guid(007e36c08e310bc468e024556724e9de) Importer(815301076,1909f56bfc062723c751e8b465ee728b)
Start importing Assets/Shapes/UI/other games btn2.png using Guid(007e36c08e310bc468e024556724e9de) Importer(815301076,1909f56bfc062723c751e8b465ee728b)  -> (artifact id: '126ef89c971d3986254c2c5d92df1ae6') in 0.149036 seconds
  Import took 0.152035 seconds .

========================================================================
Received Prepare
Registering precompiled user dll's ...
Registered in 0.006773 seconds.
Begin MonoManager ReloadAssembly
Native extension for WindowsStandalone target not found
Refreshing native plugins compatible for Editor in 1.99 ms, found 0 plugins.
Preloading 0 native plugins for Editor in 0.00 ms.
Invoked RoslynAnalysisRunner static constructor.
RoslynAnalysisRunner will not be running.
RoslynAnalysisRunner has terminated.
Mono: successfully reloaded assembly
- Completed reload, in  1.774 seconds
Platform modules already initialized, skipping
Switching build target platform(5) subTarget(0) extendedPlatform(0) -> platform(13) subTarget(589824) extendedPlatform(0)
Refreshing native plugins compatible for Editor in 1.82 ms, found 0 plugins.
Preloading 0 native plugins for Editor in 0.00 ms.
Unloading 1186 Unused Serialized files (Serialized files now loaded: 0)
System memory in use before: 60.3 MB.
System memory in use after: 60.4 MB.

Unloading 87 unused Assets to reduce memory usage. Loaded Objects now: 1578.
Total: 3.849300 ms (FindLiveObjects: 0.567200 ms CreateObjectMapping: 0.153200 ms MarkObjects: 3.021800 ms  DeleteObjects: 0.103300 ms)

AssetImportParameters requested are different than current active one (requested -> active):
  custom:graphics/normal-map-encoding: 01000000000000000000000000000000 -> 02000000000000000000000000000000
========================================================================
Received Prepare
Refreshing native plugins compatible for Editor in 46.14 ms, found 0 plugins.
Preloading 0 native plugins for Editor in 0.00 ms.
Unloading 86 Unused Serialized files (Serialized files now loaded: 0)
System memory in use before: 38.6 MB.
System memory in use after: 38.7 MB.

Unloading 85 unused Assets to reduce memory usage. Loaded Objects now: 1578.
Total: 5.457500 ms (FindLiveObjects: 0.289200 ms CreateObjectMapping: 0.086000 ms MarkObjects: 5.001200 ms  DeleteObjects: 0.077200 ms)

========================================================================
Received Prepare
Refreshing native plugins compatible for Editor in 33.75 ms, found 0 plugins.
Preloading 0 native plugins for Editor in 0.00 ms.
Unloading 86 Unused Serialized files (Serialized files now loaded: 0)
System memory in use before: 38.6 MB.
System memory in use after: 38.7 MB.

Unloading 85 unused Assets to reduce memory usage. Loaded Objects now: 1578.
Total: 5.446400 ms (FindLiveObjects: 0.340400 ms CreateObjectMapping: 0.101900 ms MarkObjects: 4.909900 ms  DeleteObjects: 0.091200 ms)

========================================================================
Received Prepare
Refreshing native plugins compatible for Editor in 43.43 ms, found 0 plugins.
Preloading 0 native plugins for Editor in 0.00 ms.
Unloading 86 Unused Serialized files (Serialized files now loaded: 0)
System memory in use before: 38.6 MB.
System memory in use after: 38.7 MB.

Unloading 85 unused Assets to reduce memory usage. Loaded Objects now: 1578.
Total: 6.390900 ms (FindLiveObjects: 0.385700 ms CreateObjectMapping: 0.136400 ms MarkObjects: 5.765300 ms  DeleteObjects: 0.099800 ms)

========================================================================
Received Import Request.
  Time since last request: 2092.209385 seconds.
  path: Assets/Scripts/MyketIntetnt.cs
  artifactKey: Guid(c9169207f2a1a9440aef2ccef8ff90c1) Importer(815301076,1909f56bfc062723c751e8b465ee728b)
Start importing Assets/Scripts/MyketIntetnt.cs using Guid(c9169207f2a1a9440aef2ccef8ff90c1) Importer(815301076,1909f56bfc062723c751e8b465ee728b)  -> (artifact id: 'bda54f0fbe11999fc4e9d6b84bd574b3') in 0.052844 seconds
  Import took 0.059208 seconds .

========================================================================
Received Prepare
Registering precompiled user dll's ...
Registered in 0.017313 seconds.
Begin MonoManager ReloadAssembly
Native extension for WindowsStandalone target not found
Refreshing native plugins compatible for Editor in 1.68 ms, found 0 plugins.
Preloading 0 native plugins for Editor in 0.00 ms.
Invoked RoslynAnalysisRunner static constructor.
RoslynAnalysisRunner will not be running.
RoslynAnalysisRunner has terminated.
Mono: successfully reloaded assembly
- Completed reload, in  2.435 seconds
Platform modules already initialized, skipping
Switching build target platform(5) subTarget(0) extendedPlatform(0) -> platform(13) subTarget(589824) extendedPlatform(0)
Refreshing native plugins compatible for Editor in 2.03 ms, found 0 plugins.
Preloading 0 native plugins for Editor in 0.00 ms.
Unloading 1186 Unused Serialized files (Serialized files now loaded: 0)
System memory in use before: 60.4 MB.
System memory in use after: 60.5 MB.

Unloading 87 unused Assets to reduce memory usage. Loaded Objects now: 1581.
Total: 3.694800 ms (FindLiveObjects: 0.501200 ms CreateObjectMapping: 0.179600 ms MarkObjects: 2.889100 ms  DeleteObjects: 0.086000 ms)

AssetImportParameters requested are different than current active one (requested -> active):
  custom:graphics/normal-map-encoding: 01000000000000000000000000000000 -> 02000000000000000000000000000000
========================================================================
Received Import Request.
  Time since last request: 71.125198 seconds.
  path: Assets/Scripts/UIManeger.cs
  artifactKey: Guid(7acd2f8207c709f4ba372c08047767a6) Importer(815301076,1909f56bfc062723c751e8b465ee728b)
Start importing Assets/Scripts/UIManeger.cs using Guid(7acd2f8207c709f4ba372c08047767a6) Importer(815301076,1909f56bfc062723c751e8b465ee728b)  -> (artifact id: 'af17ecee17b736f807862d77919abc33') in 0.013999 seconds
  Import took 0.016947 seconds .

========================================================================
Received Import Request.
  Time since last request: 0.001169 seconds.
  path: Assets/Scripts/UIManeger.cs
  artifactKey: Guid(7acd2f8207c709f4ba372c08047767a6) Importer(815301076,1909f56bfc062723c751e8b465ee728b)
Start importing Assets/Scripts/UIManeger.cs using Guid(7acd2f8207c709f4ba372c08047767a6) Importer(815301076,1909f56bfc062723c751e8b465ee728b)  -> (artifact id: 'af17ecee17b736f807862d77919abc33') in 0.003092 seconds
  Import took 0.006243 seconds .

========================================================================
Received Prepare
Registering precompiled user dll's ...
Registered in 0.009538 seconds.
Begin MonoManager ReloadAssembly
Native extension for WindowsStandalone target not found
Refreshing native plugins compatible for Editor in 1.50 ms, found 0 plugins.
Preloading 0 native plugins for Editor in 0.00 ms.
Invoked RoslynAnalysisRunner static constructor.
RoslynAnalysisRunner will not be running.
RoslynAnalysisRunner has terminated.
Mono: successfully reloaded assembly
- Completed reload, in  1.775 seconds
Platform modules already initialized, skipping
Switching build target platform(5) subTarget(0) extendedPlatform(0) -> platform(13) subTarget(589824) extendedPlatform(0)
Refreshing native plugins compatible for Editor in 1.98 ms, found 0 plugins.
Preloading 0 native plugins for Editor in 0.00 ms.
Unloading 1186 Unused Serialized files (Serialized files now loaded: 0)
System memory in use before: 60.4 MB.
System memory in use after: 60.5 MB.

Unloading 87 unused Assets to reduce memory usage. Loaded Objects now: 1584.
Total: 3.386500 ms (FindLiveObjects: 0.253100 ms CreateObjectMapping: 0.214400 ms MarkObjects: 2.842100 ms  DeleteObjects: 0.074600 ms)

AssetImportParameters requested are different than current active one (requested -> active):
  custom:graphics/normal-map-encoding: 01000000000000000000000000000000 -> 02000000000000000000000000000000
========================================================================
Received Prepare
Registering precompiled user dll's ...
Registered in 0.006792 seconds.
Begin MonoManager ReloadAssembly
Native extension for WindowsStandalone target not found
Refreshing native plugins compatible for Editor in 1.56 ms, found 0 plugins.
Preloading 0 native plugins for Editor in 0.00 ms.
Invoked RoslynAnalysisRunner static constructor.
RoslynAnalysisRunner will not be running.
RoslynAnalysisRunner has terminated.
Mono: successfully reloaded assembly
- Completed reload, in  1.484 seconds
Platform modules already initialized, skipping
Switching build target platform(5) subTarget(0) extendedPlatform(0) -> platform(13) subTarget(589824) extendedPlatform(0)
Refreshing native plugins compatible for Editor in 0.83 ms, found 0 plugins.
Preloading 0 native plugins for Editor in 0.00 ms.
Unloading 1185 Unused Serialized files (Serialized files now loaded: 0)
System memory in use before: 60.4 MB.
System memory in use after: 60.5 MB.

Unloading 87 unused Assets to reduce memory usage. Loaded Objects now: 1587.
Total: 2.038300 ms (FindLiveObjects: 0.253400 ms CreateObjectMapping: 0.081600 ms MarkObjects: 1.658700 ms  DeleteObjects: 0.043000 ms)

AssetImportParameters requested are different than current active one (requested -> active):
  custom:graphics/normal-map-encoding: 01000000000000000000000000000000 -> 02000000000000000000000000000000
========================================================================
Received Prepare
Refreshing native plugins compatible for Editor in 33.91 ms, found 0 plugins.
Preloading 0 native plugins for Editor in 0.00 ms.
Unloading 86 Unused Serialized files (Serialized files now loaded: 0)
System memory in use before: 38.7 MB.
System memory in use after: 38.8 MB.

Unloading 85 unused Assets to reduce memory usage. Loaded Objects now: 1587.
Total: 2.815400 ms (FindLiveObjects: 0.456500 ms CreateObjectMapping: 0.152800 ms MarkObjects: 2.135200 ms  DeleteObjects: 0.068400 ms)

========================================================================
Received Prepare
Registering precompiled user dll's ...
Registered in 0.024009 seconds.
Begin MonoManager ReloadAssembly
Native extension for WindowsStandalone target not found
Refreshing native plugins compatible for Editor in 0.96 ms, found 0 plugins.
Preloading 0 native plugins for Editor in 0.00 ms.
Invoked RoslynAnalysisRunner static constructor.
RoslynAnalysisRunner will not be running.
RoslynAnalysisRunner has terminated.
Mono: successfully reloaded assembly
- Completed reload, in  1.066 seconds
Platform modules already initialized, skipping
Switching build target platform(5) subTarget(0) extendedPlatform(0) -> platform(13) subTarget(589824) extendedPlatform(0)
Refreshing native plugins compatible for Editor in 0.92 ms, found 0 plugins.
Preloading 0 native plugins for Editor in 0.00 ms.
Unloading 1185 Unused Serialized files (Serialized files now loaded: 0)
System memory in use before: 60.4 MB.
System memory in use after: 60.5 MB.

Unloading 87 unused Assets to reduce memory usage. Loaded Objects now: 1590.
Total: 2.294600 ms (FindLiveObjects: 0.245900 ms CreateObjectMapping: 0.094500 ms MarkObjects: 1.903400 ms  DeleteObjects: 0.049200 ms)

AssetImportParameters requested are different than current active one (requested -> active):
  custom:graphics/normal-map-encoding: 01000000000000000000000000000000 -> 02000000000000000000000000000000
========================================================================
Received Prepare
Refreshing native plugins compatible for Editor in 73.70 ms, found 0 plugins.
Preloading 0 native plugins for Editor in 0.00 ms.
Unloading 86 Unused Serialized files (Serialized files now loaded: 0)
System memory in use before: 38.7 MB.
System memory in use after: 38.8 MB.

Unloading 85 unused Assets to reduce memory usage. Loaded Objects now: 1590.
Total: 5.879300 ms (FindLiveObjects: 0.779100 ms CreateObjectMapping: 0.224100 ms MarkObjects: 4.806100 ms  DeleteObjects: 0.066000 ms)

AssetImportWorkerClient::OnTransportError - code=2 error=End of file
